<?xml version="1.0" encoding="UTF-8"?><testsuite errors="0" failures="0" name="io.swagger.petstore.testsuite.TagWithUserRunner" skipped="0" tests="3" time="3.2" timestamp="2023-01-11T19:22:27.046Z[Europe/London]"><testcase classname="io.swagger.petstore.testsuite.TagWithUserRunner" name="Provide a 415 status code when incorrect HTTP method is used to access resource"/><testcase classname="io.swagger.petstore.testsuite.TagWithUserRunner" name="This test will verify if a status code of 200 is returned for GET request"/><testcase classname="io.swagger.petstore.testsuite.TagWithUserRunner" name="This test will provide an error code of 400 when user tries to access an invalid resource"/></testsuite>